# JRE version: Java(TM) SE Runtime Environment (8.0_211-b12) (build 1.8.0_211-b12)
# Java VM: Java HotSpot(TM) 64-Bit Server VM (25.211-b12 mixed mode windows-amd64 compressed oops)
Heap:
 PSYoungGen      total 76288K, used 13354K [0x000000076b500000, 0x0000000770a00000, 0x00000007c0000000)
  eden space 65536K, 4% used [0x000000076b500000,0x000000076b790dc0,0x000000076f500000)
  from space 10752K, 99% used [0x000000076f500000,0x000000076ff79e08,0x000000076ff80000)
  to   space 10752K, 0% used [0x000000076ff80000,0x000000076ff80000,0x0000000770a00000)
 ParOldGen       total 111616K, used 10721K [0x00000006c1e00000, 0x00000006c8b00000, 0x000000076b500000)
  object space 111616K, 9% used [0x00000006c1e00000,0x00000006c28787a8,0x00000006c8b00000)
 Metaspace       used 33024K, capacity 34082K, committed 34432K, reserved 1079296K
  class space    used 4443K, capacity 4680K, committed 4736K, reserved 1048576K
GC Heap History (8 events):
Event: 4.498 GC heap before
{Heap before GC invocations=1 (full 0):
 PSYoungGen      total 76288K, used 65536K [0x000000076b500000, 0x0000000770a00000, 0x00000007c0000000)
  eden space 65536K, 100% used [0x000000076b500000,0x000000076f500000,0x000000076f500000)
  from space 10752K, 0% used [0x000000076ff80000,0x000000076ff80000,0x0000000770a00000)
  to   space 10752K, 0% used [0x000000076f500000,0x000000076f500000,0x000000076ff80000)
 ParOldGen       total 175104K, used 0K [0x00000006c1e00000, 0x00000006cc900000, 0x000000076b500000)
  object space 175104K, 0% used [0x00000006c1e00000,0x00000006c1e00000,0x00000006cc900000)
 Metaspace       used 9798K, capacity 10550K, committed 10624K, reserved 1058816K
  class space    used 1222K, capacity 1398K, committed 1408K, reserved 1048576K
Event: 4.537 GC heap after
Heap after GC invocations=1 (full 0):
 PSYoungGen      total 76288K, used 4770K [0x000000076b500000, 0x0000000770a00000, 0x00000007c0000000)
  eden space 65536K, 0% used [0x000000076b500000,0x000000076b500000,0x000000076f500000)
  from space 10752K, 44% used [0x000000076f500000,0x000000076f9a8880,0x000000076ff80000)
  to   space 10752K, 0% used [0x000000076ff80000,0x000000076ff80000,0x0000000770a00000)
 ParOldGen       total 175104K, used 16K [0x00000006c1e00000, 0x00000006cc900000, 0x000000076b500000)
  object space 175104K, 0% used [0x00000006c1e00000,0x00000006c1e04000,0x00000006cc900000)
 Metaspace       used 9798K, capacity 10550K, committed 10624K, reserved 1058816K
  class space    used 1222K, capacity 1398K, committed 1408K, reserved 1048576K
}
Event: 8.729 GC heap before
{Heap before GC invocations=2 (full 0):
 PSYoungGen      total 76288K, used 46877K [0x000000076b500000, 0x0000000770a00000, 0x00000007c0000000)
  eden space 65536K, 64% used [0x000000076b500000,0x000000076de1ed18,0x000000076f500000)
  from space 10752K, 44% used [0x000000076f500000,0x000000076f9a8880,0x000000076ff80000)
  to   space 10752K, 0% used [0x000000076ff80000,0x000000076ff80000,0x0000000770a00000)
 ParOldGen       total 175104K, used 16K [0x00000006c1e00000, 0x00000006cc900000, 0x000000076b500000)
  object space 175104K, 0% used [0x00000006c1e00000,0x00000006c1e04000,0x00000006cc900000)
 Metaspace       used 20285K, capacity 21136K, committed 21296K, reserved 1067008K
  class space    used 2747K, capacity 2932K, committed 2944K, reserved 1048576K
Event: 8.751 GC heap after
Heap after GC invocations=2 (full 0):
 PSYoungGen      total 76288K, used 10013K [0x000000076b500000, 0x0000000770a00000, 0x00000007c0000000)
  eden space 65536K, 0% used [0x000000076b500000,0x000000076b500000,0x000000076f500000)
  from space 10752K, 93% used [0x000000076ff80000,0x00000007709474f0,0x0000000770a00000)
  to   space 10752K, 0% used [0x000000076f500000,0x000000076f500000,0x000000076ff80000)
 ParOldGen       total 175104K, used 88K [0x00000006c1e00000, 0x00000006cc900000, 0x000000076b500000)
  object space 175104K, 0% used [0x00000006c1e00000,0x00000006c1e16010,0x00000006cc900000)
 Metaspace       used 20285K, capacity 21136K, committed 21296K, reserved 1067008K
  class space    used 2747K, capacity 2932K, committed 2944K, reserved 1048576K
}
Event: 8.751 GC heap before
{Heap before GC invocations=3 (full 1):
 PSYoungGen      total 76288K, used 10013K [0x000000076b500000, 0x0000000770a00000, 0x00000007c0000000)
  eden space 65536K, 0% used [0x000000076b500000,0x000000076b500000,0x000000076f500000)
  from space 10752K, 93% used [0x000000076ff80000,0x00000007709474f0,0x0000000770a00000)
  to   space 10752K, 0% used [0x000000076f500000,0x000000076f500000,0x000000076ff80000)
 ParOldGen       total 175104K, used 88K [0x00000006c1e00000, 0x00000006cc900000, 0x000000076b500000)
  object space 175104K, 0% used [0x00000006c1e00000,0x00000006c1e16010,0x00000006cc900000)
 Metaspace       used 20285K, capacity 21136K, committed 21296K, reserved 1067008K
  class space    used 2747K, capacity 2932K, committed 2944K, reserved 1048576K
Event: 8.825 GC heap after
Heap after GC invocations=3 (full 1):
 PSYoungGen      total 76288K, used 0K [0x000000076b500000, 0x0000000770a00000, 0x00000007c0000000)
  eden space 65536K, 0% used [0x000000076b500000,0x000000076b500000,0x000000076f500000)
  from space 10752K, 0% used [0x000000076ff80000,0x000000076ff80000,0x0000000770a00000)
  to   space 10752K, 0% used [0x000000076f500000,0x000000076f500000,0x000000076ff80000)
 ParOldGen       total 111616K, used 9593K [0x00000006c1e00000, 0x00000006c8b00000, 0x000000076b500000)
  object space 111616K, 8% used [0x00000006c1e00000,0x00000006c275e638,0x00000006c8b00000)
 Metaspace       used 20285K, capacity 21136K, committed 21296K, reserved 1067008K
  class space    used 2747K, capacity 2932K, committed 2944K, reserved 1048576K
}
Event: 14.204 GC heap before
{Heap before GC invocations=4 (full 1):
 PSYoungGen      total 76288K, used 65536K [0x000000076b500000, 0x0000000770a00000, 0x00000007c0000000)
  eden space 65536K, 100% used [0x000000076b500000,0x000000076f500000,0x000000076f500000)
  from space 10752K, 0% used [0x000000076ff80000,0x000000076ff80000,0x0000000770a00000)
  to   space 10752K, 0% used [0x000000076f500000,0x000000076f500000,0x000000076ff80000)
 ParOldGen       total 111616K, used 9593K [0x00000006c1e00000, 0x00000006c8b00000, 0x000000076b500000)
  object space 111616K, 8% used [0x00000006c1e00000,0x00000006c275e638,0x00000006c8b00000)
 Metaspace       used 32330K, capacity 33410K, committed 33792K, reserved 1079296K
  class space    used 4370K, capacity 4584K, committed 4608K, reserved 1048576K
Event: 14.242 GC heap after
Heap after GC invocations=4 (full 1):
 PSYoungGen      total 76288K, used 10727K [0x000000076b500000, 0x0000000770a00000, 0x00000007c0000000)
  eden space 65536K, 0% used [0x000000076b500000,0x000000076b500000,0x000000076f500000)
  from space 10752K, 99% used [0x000000076f500000,0x000000076ff79e08,0x000000076ff80000)
  to   space 10752K, 0% used [0x000000076ff80000,0x000000076ff80000,0x0000000770a00000)
 ParOldGen       total 111616K, used 10721K [0x00000006c1e00000, 0x00000006c8b00000, 0x000000076b500000)
  object space 111616K, 9% used [0x00000006c1e00000,0x00000006c28787a8,0x00000006c8b00000)
 Metaspace       used 32330K, capacity 33410K, committed 33792K, reserved 1079296K
  class space    used 4370K, capacity 4584K, committed 4608K, reserved 1048576K
}

